0	13	25	24	29	30	28	31	13	30	19	25	24	0	0	0	0	0	0	0	0	0	0	0	0	0	word_98.png
1	23	25	24	31	23	15	24	30	0	0	0	0	0	0	0	0	0	0	0	0	0	0	0	0	0	word_833.png
2	25	28	33	15	22	22	0	0	0	0	0	0	0	0	0	0	0	0	0	0	0	0	0	0	0	word_306.png
3	2	0	0	0	0	0	0	0	0	0	0	0	0	0	0	0	0	0	0	0	0	0	0	0	0	word_535.png
4	22	13	14	3	5	8	1	33	32	34	0	0	0	0	0	0	0	0	0	0	0	0	0	0	0	word_751.png
5	20	31	19	13	15	0	0	0	0	0	0	0	0	0	0	0	0	0	0	0	0	0	0	0	0	word_823.png
6	28	25	29	30	11	24	19	24	0	0	0	0	0	0	0	0	0	0	0	0	0	0	0	0	0	word_676.png
7	11	26	26	28	25	11	13	18	0	0	0	0	0	0	0	0	0	0	0	0	0	0	0	0	0	word_582.png
8	14	15	29	21	0	0	0	0	0	0	0	0	0	0	0	0	0	0	0	0	0	0	0	0	0	word_297.png
9	13	25	22	22	15	13	30	0	0	0	0	0	0	0	0	0	0	0	0	0	0	0	0	0	0	word_707.png
10	13	25	22	13	18	15	29	30	15	28	0	0	0	0	0	0	0	0	0	0	0	0	0	0	0	word_648.png
11	28	15	17	19	29	30	15	28	15	14	0	0	0	0	0	0	0	0	0	0	0	0	0	0	0	word_450.png
12	18	15	24	28	35	0	0	0	0	0	0	0	0	0	0	0	0	0	0	0	0	0	0	0	0	word_692.png
13	11	24	14	0	0	0	0	0	0	0	0	0	0	0	0	0	0	0	0	0	0	0	0	0	0	word_246.png
14	22	19	12	28	11	28	19	15	29	0	0	0	0	0	0	0	0	0	0	0	0	0	0	0	0	word_510.png
15	13	28	15	11	30	15	0	0	0	0	0	0	0	0	0	0	0	0	0	0	0	0	0	0	0	word_10.png
16	13	25	31	24	13	19	22	0	0	0	0	0	0	0	0	0	0	0	0	0	0	0	0	0	0	word_509.png
17	20	15	24	24	35	0	0	0	0	0	0	0	0	0	0	0	0	0	0	0	0	0	0	0	0	word_644.png
18	30	28	11	16	16	19	13	0	0	0	0	0	0	0	0	0	0	0	0	0	0	0	0	0	0	word_538.png
19	13	11	29	30	22	15	0	0	0	0	0	0	0	0	0	0	0	0	0	0	0	0	0	0	0	word_778.png
20	19	23	11	13	0	0	0	0	0	0	0	0	0	0	0	0	0	0	0	0	0	0	0	0	0	word_807.png
21	25	16	0	0	0	0	0	0	0	0	0	0	0	0	0	0	0	0	0	0	0	0	0	0	0	word_567.png
22	24	25	21	19	11	0	0	0	0	0	0	0	0	0	0	0	0	0	0	0	0	0	0	0	0	word_518.png
23	18	15	28	25	15	29	0	0	0	0	0	0	0	0	0	0	0	0	0	0	0	0	0	0	0	word_577.png
24	11	28	30	0	0	0	0	0	0	0	0	0	0	0	0	0	0	0	0	0	0	0	0	0	0	word_698.png
25	25	24	0	0	0	0	0	0	0	0	0	0	0	0	0	0	0	0	0	0	0	0	0	0	0	word_711.png
26	30	35	28	15	0	0	0	0	0	0	0	0	0	0	0	0	0	0	0	0	0	0	0	0	0	word_145.png
27	23	31	22	30	19	23	15	14	19	11	0	0	0	0	0	0	0	0	0	0	0	0	0	0	0	word_407.png
28	11	29	14	11	0	0	0	0	0	0	0	0	0	0	0	0	0	0	0	0	0	0	0	0	0	word_715.png
29	15	27	31	19	26	23	15	24	30	0	0	0	0	0	0	0	0	0	0	0	0	0	0	0	0	word_204.png
30	29	15	28	32	19	13	15	29	0	0	0	0	0	0	0	0	0	0	0	0	0	0	0	0	0	word_7.png
31	16	25	28	0	0	0	0	0	0	0	0	0	0	0	0	0	0	0	0	0	0	0	0	0	0	word_428.png
32	33	11	32	15	14	25	23	0	0	0	0	0	0	0	0	0	0	0	0	0	0	0	0	0	0	word_71.png
33	25	0	0	0	0	0	0	0	0	0	0	0	0	0	0	0	0	0	0	0	0	0	0	0	0	word_33.png
34	19	24	20	31	28	35	0	0	0	0	0	0	0	0	0	0	0	0	0	0	0	0	0	0	0	word_103.png
35	28	11	19	29	15	14	0	0	0	0	0	0	0	0	0	0	0	0	0	0	0	0	0	0	0	word_134.png
36	21	24	25	33	22	15	14	17	15	0	0	0	0	0	0	0	0	0	0	0	0	0	0	0	0	word_150.png
37	25	16	0	0	0	0	0	0	0	0	0	0	0	0	0	0	0	0	0	0	0	0	0	0	0	word_418.png
38	13	11	29	21	0	0	0	0	0	0	0	0	0	0	0	0	0	0	0	0	0	0	0	0	0	word_86.png
39	13	11	28	22	19	24	17	0	0	0	0	0	0	0	0	0	0	0	0	0	0	0	0	0	0	word_124.png
40	13	11	24	13	15	28	0	0	0	0	0	0	0	0	0	0	0	0	0	0	0	0	0	0	0	word_596.png
41	15	19	24	33	15	28	16	15	24	0	0	0	0	0	0	0	0	0	0	0	0	0	0	0	0	word_847.png
42	14	15	24	30	11	22	0	0	0	0	0	0	0	0	0	0	0	0	0	0	0	0	0	0	0	word_444.png
43	13	25	24	29	30	11	24	30	19	24	15	0	0	0	0	0	0	0	0	0	0	0	0	0	0	word_665.png
44	28	15	22	11	30	19	25	24	29	0	0	0	0	0	0	0	0	0	0	0	0	0	0	0	0	word_551.png
45	21	15	15	26	0	0	0	0	0	0	0	0	0	0	0	0	0	0	0	0	0	0	0	0	0	word_107.png
46	25	24	13	15	26	30	29	0	0	0	0	0	0	0	0	0	0	0	0	0	0	0	0	0	0	word_461.png
47	23	25	14	15	28	24	0	0	0	0	0	0	0	0	0	0	0	0	0	0	0	0	0	0	0	word_581.png
48	28	0	0	0	0	0	0	0	0	0	0	0	0	0	0	0	0	0	0	0	0	0	0	0	0	word_435.png
49	13	11	24	25	24	0	0	0	0	0	0	0	0	0	0	0	0	0	0	0	0	0	0	0	0	word_839.png
50	23	31	29	15	31	23	0	0	0	0	0	0	0	0	0	0	0	0	0	0	0	0	0	0	0	word_425.png
51	28	25	31	17	18	0	0	0	0	0	0	0	0	0	0	0	0	0	0	0	0	0	0	0	0	word_224.png
52	26	28	25	16	15	29	29	19	25	24	11	22	0	0	0	0	0	0	0	0	0	0	0	0	0	word_44.png
53	9	10	0	0	0	0	0	0	0	0	0	0	0	0	0	0	0	0	0	0	0	0	0	0	0	word_50.png
54	26	15	24	29	19	25	24	29	0	0	0	0	0	0	0	0	0	0	0	0	0	0	0	0	0	word_159.png
55	28	11	35	22	15	19	17	18	0	0	0	0	0	0	0	0	0	0	0	0	0	0	0	0	0	word_536.png
56	29	15	28	32	19	13	15	29	0	0	0	0	0	0	0	0	0	0	0	0	0	0	0	0	0	word_563.png
57	16	19	29	19	25	0	0	0	0	0	0	0	0	0	0	0	0	0	0	0	0	0	0	0	0	word_183.png
58	14	25	22	22	11	28	0	0	0	0	0	0	0	0	0	0	0	0	0	0	0	0	0	0	0	word_775.png
59	26	28	25	13	15	29	29	0	0	0	0	0	0	0	0	0	0	0	0	0	0	0	0	0	0	word_731.png
60	13	11	31	29	15	0	0	0	0	0	0	0	0	0	0	0	0	0	0	0	0	0	0	0	0	word_363.png
61	13	15	24	30	28	11	22	0	0	0	0	0	0	0	0	0	0	0	0	0	0	0	0	0	0	word_144.png
62	33	18	29	23	19	30	18	0	0	0	0	0	0	0	0	0	0	0	0	0	0	0	0	0	0	word_411.png
63	33	25	28	14	0	0	0	0	0	0	0	0	0	0	0	0	0	0	0	0	0	0	0	0	0	word_606.png
64	19	24	32	15	24	30	0	0	0	0	0	0	0	0	0	0	0	0	0	0	0	0	0	0	0	word_434.png
65	30	18	15	0	0	0	0	0	0	0	0	0	0	0	0	0	0	0	0	0	0	0	0	0	0	word_194.png
66	29	35	29	30	15	23	29	0	0	0	0	0	0	0	0	0	0	0	0	0	0	0	0	0	0	word_614.png
67	28	25	29	30	11	24	19	24	0	0	0	0	0	0	0	0	0	0	0	0	0	0	0	0	0	word_155.png
68	15	29	30	11	30	15	0	0	0	0	0	0	0	0	0	0	0	0	0	0	0	0	0	0	0	word_220.png
69	19	24	0	0	0	0	0	0	0	0	0	0	0	0	0	0	0	0	0	0	0	0	0	0	0	word_630.png
70	30	18	11	24	21	0	0	0	0	0	0	0	0	0	0	0	0	0	0	0	0	0	0	0	0	word_724.png
71	22	15	19	29	31	28	15	0	0	0	0	0	0	0	0	0	0	0	0	0	0	0	0	0	0	word_327.png
72	31	24	30	15	28	29	13	18	28	19	16	30	0	0	0	0	0	0	0	0	0	0	0	0	0	word_387.png
73	11	22	22	19	17	11	30	25	28	0	0	0	0	0	0	0	0	0	0	0	0	0	0	0	0	word_499.png
74	17	25	25	14	0	0	0	0	0	0	0	0	0	0	0	0	0	0	0	0	0	0	0	0	0	word_82.png
75	11	17	15	24	30	29	0	0	0	0	0	0	0	0	0	0	0	0	0	0	0	0	0	0	0	word_221.png
76	23	11	28	19	29	11	0	0	0	0	0	0	0	0	0	0	0	0	0	0	0	0	0	0	0	word_642.png
77	17	25	22	16	0	0	0	0	0	0	0	0	0	0	0	0	0	0	0	0	0	0	0	0	0	word_341.png
78	35	14	29	0	0	0	0	0	0	0	0	0	0	0	0	0	0	0	0	0	0	0	0	0	0	word_348.png
79	5	6	1	0	0	0	0	0	0	0	0	0	0	0	0	0	0	0	0	0	0	0	0	0	0	word_347.png
80	30	25	0	0	0	0	0	0	0	0	0	0	0	0	0	0	0	0	0	0	0	0	0	0	0	word_41.png
81	29	31	23	23	15	28	0	0	0	0	0	0	0	0	0	0	0	0	0	0	0	0	0	0	0	word_493.png
82	12	15	11	28	14	33	15	22	22	0	0	0	0	0	0	0	0	0	0	0	0	0	0	0	0	word_782.png
83	14	28	19	32	15	28	29	0	0	0	0	0	0	0	0	0	0	0	0	0	0	0	0	0	0	word_266.png
84	12	28	19	30	19	29	18	0	0	0	0	0	0	0	0	0	0	0	0	0	0	0	0	0	0	word_284.png
85	29	15	11	30	28	11	14	15	0	0	0	0	0	0	0	0	0	0	0	0	0	0	0	0	0	word_351.png
86	29	18	11	18	11	12	0	0	0	0	0	0	0	0	0	0	0	0	0	0	0	0	0	0	0	word_773.png
87	13	11	23	26	12	15	22	22	0	0	0	0	0	0	0	0	0	0	0	0	0	0	0	0	0	word_835.png
88	18	15	19	17	18	30	0	0	0	0	0	0	0	0	0	0	0	0	0	0	0	0	0	0	0	word_132.png
89	12	25	25	21	29	0	0	0	0	0	0	0	0	0	0	0	0	0	0	0	0	0	0	0	0	word_608.png
90	1	7	0	0	0	0	0	0	0	0	0	0	0	0	0	0	0	0	0	0	0	0	0	0	0	word_700.png
91	29	30	25	26	0	0	0	0	0	0	0	0	0	0	0	0	0	0	0	0	0	0	0	0	0	word_267.png
92	19	24	0	0	0	0	0	0	0	0	0	0	0	0	0	0	0	0	0	0	0	0	0	0	0	word_607.png
93	35	25	31	28	0	0	0	0	0	0	0	0	0	0	0	0	0	0	0	0	0	0	0	0	0	word_171.png
94	13	11	29	30	22	15	0	0	0	0	0	0	0	0	0	0	0	0	0	0	0	0	0	0	0	word_299.png
95	13	11	12	22	15	0	0	0	0	0	0	0	0	0	0	0	0	0	0	0	0	0	0	0	0	word_522.png
96	16	25	28	0	0	0	0	0	0	0	0	0	0	0	0	0	0	0	0	0	0	0	0	0	0	word_477.png
97	11	14	11	26	30	15	28	0	0	0	0	0	0	0	0	0	0	0	0	0	0	0	0	0	0	word_842.png
98	30	35	23	26	15	28	22	15	35	29	0	0	0	0	0	0	0	0	0	0	0	0	0	0	0	word_426.png
99	29	11	0	0	0	0	0	0	0	0	0	0	0	0	0	0	0	0	0	0	0	0	0	0	0	word_740.png
100	2	4	4	0	0	0	0	0	0	0	0	0	0	0	0	0	0	0	0	0	0	0	0	0	0	word_319.png
101	30	25	33	24	0	0	0	0	0	0	0	0	0	0	0	0	0	0	0	0	0	0	0	0	0	word_316.png
102	33	19	30	18	0	0	0	0	0	0	0	0	0	0	0	0	0	0	0	0	0	0	0	0	0	word_130.png
103	2	2	6	23	23	0	0	0	0	0	0	0	0	0	0	0	0	0	0	0	0	0	0	0	0	word_135.png
104	29	18	25	26	29	0	0	0	0	0	0	0	0	0	0	0	0	0	0	0	0	0	0	0	0	word_801.png
105	24	19	17	15	22	0	0	0	0	0	0	0	0	0	0	0	0	0	0	0	0	0	0	0	0	word_762.png
106	13	15	24	30	28	15	0	0	0	0	0	0	0	0	0	0	0	0	0	0	0	0	0	0	0	word_689.png
107	19	29	31	36	31	0	0	0	0	0	0	0	0	0	0	0	0	0	0	0	0	0	0	0	0	word_464.png
108	14	25	0	0	0	0	0	0	0	0	0	0	0	0	0	0	0	0	0	0	0	0	0	0	0	word_373.png
109	16	22	35	19	24	17	0	0	0	0	0	0	0	0	0	0	0	0	0	0	0	0	0	0	0	word_359.png
110	23	31	22	30	19	29	35	24	13	0	0	0	0	0	0	0	0	0	0	0	0	0	0	0	0	word_126.png
111	7	3	2	1	0	0	0	0	0	0	0	0	0	0	0	0	0	0	0	0	0	0	0	0	0	word_519.png
112	11	28	15	0	0	0	0	0	0	0	0	0	0	0	0	0	0	0	0	0	0	0	0	0	0	word_122.png
113	23	25	14	15	28	24	0	0	0	0	0	0	0	0	0	0	0	0	0	0	0	0	0	0	0	word_93.png
114	29	30	0	0	0	0	0	0	0	0	0	0	0	0	0	0	0	0	0	0	0	0	0	0	0	word_654.png
115	18	25	31	29	15	0	0	0	0	0	0	0	0	0	0	0	0	0	0	0	0	0	0	0	0	word_691.png
116	22	25	13	21	0	0	0	0	0	0	0	0	0	0	0	0	0	0	0	0	0	0	0	0	0	word_210.png
117	11	24	13	19	15	24	30	0	0	0	0	0	0	0	0	0	0	0	0	0	0	0	0	0	0	word_832.png
118	13	11	22	22	0	0	0	0	0	0	0	0	0	0	0	0	0	0	0	0	0	0	0	0	0	word_728.png
119	26	28	19	32	11	30	15	0	0	0	0	0	0	0	0	0	0	0	0	0	0	0	0	0	0	word_489.png
120	26	15	30	15	28	0	0	0	0	0	0	0	0	0	0	0	0	0	0	0	0	0	0	0	0	word_585.png
121	19	26	29	33	19	13	18	0	0	0	0	0	0	0	0	0	0	0	0	0	0	0	0	0	0	word_322.png
122	15	34	26	15	28	19	15	24	13	15	0	0	0	0	0	0	0	0	0	0	0	0	0	0	0	word_164.png
123	13	25	22	13	18	15	29	30	15	28	0	0	0	0	0	0	0	0	0	0	0	0	0	0	0	word_74.png
124	25	22	15	17	0	0	0	0	0	0	0	0	0	0	0	0	0	0	0	0	0	0	0	0	0	word_675.png
125	24	25	0	0	0	0	0	0	0	0	0	0	0	0	0	0	0	0	0	0	0	0	0	0	0	word_310.png
126	23	11	24	11	17	15	23	15	24	30	0	0	0	0	0	0	0	0	0	0	0	0	0	0	0	word_239.png
127	23	19	28	11	22	15	20	25	0	0	0	0	0	0	0	0	0	0	0	0	0	0	0	0	0	word_480.png
128	11	29	19	16	0	0	0	0	0	0	0	0	0	0	0	0	0	0	0	0	0	0	0	0	0	word_156.png
129	23	25	12	19	22	15	0	0	0	0	0	0	0	0	0	0	0	0	0	0	0	0	0	0	0	word_468.png
130	30	19	13	21	15	30	29	0	0	0	0	0	0	0	0	0	0	0	0	0	0	0	0	0	0	word_95.png
131	26	15	14	15	29	30	28	19	11	24	29	0	0	0	0	0	0	0	0	0	0	0	0	0	0	word_492.png
132	28	15	17	31	22	11	28	0	0	0	0	0	0	0	0	0	0	0	0	0	0	0	0	0	0	word_429.png
133	30	18	15	0	0	0	0	0	0	0	0	0	0	0	0	0	0	0	0	0	0	0	0	0	0	word_399.png
134	16	19	32	15	0	0	0	0	0	0	0	0	0	0	0	0	0	0	0	0	0	0	0	0	0	word_649.png
135	13	11	26	29	0	0	0	0	0	0	0	0	0	0	0	0	0	0	0	0	0	0	0	0	0	word_209.png
136	23	11	28	21	29	0	0	0	0	0	0	0	0	0	0	0	0	0	0	0	0	0	0	0	0	word_704.png
137	15	13	25	24	25	23	35	0	0	0	0	0	0	0	0	0	0	0	0	0	0	0	0	0	0	word_819.png
138	2	0	0	0	0	0	0	0	0	0	0	0	0	0	0	0	0	0	0	0	0	0	0	0	0	word_738.png
139	28	25	22	22	0	0	0	0	0	0	0	0	0	0	0	0	0	0	0	0	0	0	0	0	0	word_58.png
140	28	15	16	19	22	22	0	0	0	0	0	0	0	0	0	0	0	0	0	0	0	0	0	0	0	word_701.png
141	25	31	30	0	0	0	0	0	0	0	0	0	0	0	0	0	0	0	0	0	0	0	0	0	0	word_105.png
142	12	28	15	11	21	0	0	0	0	0	0	0	0	0	0	0	0	0	0	0	0	0	0	0	0	word_249.png
143	21	15	15	26	0	0	0	0	0	0	0	0	0	0	0	0	0	0	0	0	0	0	0	0	0	word_104.png
144	25	24	22	35	0	0	0	0	0	0	0	0	0	0	0	0	0	0	0	0	0	0	0	0	0	word_829.png
145	11	24	14	0	0	0	0	0	0	0	0	0	0	0	0	0	0	0	0	0	0	0	0	0	0	word_764.png
146	33	18	15	24	0	0	0	0	0	0	0	0	0	0	0	0	0	0	0	0	0	0	0	0	0	word_133.png
147	19	24	0	0	0	0	0	0	0	0	0	0	0	0	0	0	0	0	0	0	0	0	0	0	0	word_13.png
148	22	25	13	11	22	0	0	0	0	0	0	0	0	0	0	0	0	0	0	0	0	0	0	0	0	word_485.png
149	11	24	14	0	0	0	0	0	0	0	0	0	0	0	0	0	0	0	0	0	0	0	0	0	0	word_568.png
150	11	5	4	9	3	0	0	0	0	0	0	0	0	0	0	0	0	0	0	0	0	0	0	0	0	word_517.png
151	11	0	0	0	0	0	0	0	0	0	0	0	0	0	0	0	0	0	0	0	0	0	0	0	0	word_326.png
152	11	24	17	31	29	0	0	0	0	0	0	0	0	0	0	0	0	0	0	0	0	0	0	0	0	word_228.png
153	24	15	31	20	11	18	28	0	0	0	0	0	0	0	0	0	0	0	0	0	0	0	0	0	0	word_741.png
154	3	2	4	30	0	0	0	0	0	0	0	0	0	0	0	0	0	0	0	0	0	0	0	0	0	word_282.png
155	11	24	14	0	0	0	0	0	0	0	0	0	0	0	0	0	0	0	0	0	0	0	0	0	0	word_777.png
156	30	18	15	0	0	0	0	0	0	0	0	0	0	0	0	0	0	0	0	0	0	0	0	0	0	word_165.png
157	31	26	17	28	11	14	15	0	0	0	0	0	0	0	0	0	0	0	0	0	0	0	0	0	0	word_189.png
158	12	11	24	21	0	0	0	0	0	0	0	0	0	0	0	0	0	0	0	0	0	0	0	0	0	word_667.png
159	24	25	28	32	19	17	0	0	0	0	0	0	0	0	0	0	0	0	0	0	0	0	0	0	0	word_586.png
160	32	15	28	12	11	24	14	29	30	25	16	16	15	0	0	0	0	0	0	0	0	0	0	0	0	word_409.png
161	15	29	30	11	30	15	0	0	0	0	0	0	0	0	0	0	0	0	0	0	0	0	0	0	0	word_216.png
162	33	15	0	0	0	0	0	0	0	0	0	0	0	0	0	0	0	0	0	0	0	0	0	0	0	word_730.png
163	19	24	29	26	19	28	25	24	0	0	0	0	0	0	0	0	0	0	0	0	0	0	0	0	0	word_590.png
164	26	11	28	21	0	0	0	0	0	0	0	0	0	0	0	0	0	0	0	0	0	0	0	0	0	word_423.png
165	4	0	0	0	0	0	0	0	0	0	0	0	0	0	0	0	0	0	0	0	0	0	0	0	0	word_236.png
166	34	23	22	0	0	0	0	0	0	0	0	0	0	0	0	0	0	0	0	0	0	0	0	0	0	word_572.png
167	16	11	28	23	0	0	0	0	0	0	0	0	0	0	0	0	0	0	0	0	0	0	0	0	0	word_308.png
168	24	25	0	0	0	0	0	0	0	0	0	0	0	0	0	0	0	0	0	0	0	0	0	0	0	word_467.png
169	30	25	25	30	18	26	11	29	30	15	0	0	0	0	0	0	0	0	0	0	0	0	0	0	0	word_28.png
170	25	16	0	0	0	0	0	0	0	0	0	0	0	0	0	0	0	0	0	0	0	0	0	0	0	word_504.png
171	12	31	28	24	29	19	14	15	0	0	0	0	0	0	0	0	0	0	0	0	0	0	0	0	0	word_683.png
172	11	14	14	28	15	29	29	0	0	0	0	0	0	0	0	0	0	0	0	0	0	0	0	0	0	word_53.png
173	23	25	24	31	23	15	24	30	0	0	0	0	0	0	0	0	0	0	0	0	0	0	0	0	0	word_404.png
174	11	24	14	0	0	0	0	0	0	0	0	0	0	0	0	0	0	0	0	0	0	0	0	0	0	word_75.png
175	21	22	0	0	0	0	0	0	0	0	0	0	0	0	0	0	0	0	0	0	0	0	0	0	0	word_532.png
176	29	35	24	13	23	11	29	30	15	28	0	0	0	0	0	0	0	0	0	0	0	0	0	0	0	word_185.png
177	16	19	28	15	0	0	0	0	0	0	0	0	0	0	0	0	0	0	0	0	0	0	0	0	0	word_726.png
178	22	19	25	24	0	0	0	0	0	0	0	0	0	0	0	0	0	0	0	0	0	0	0	0	0	word_799.png
179	26	11	26	15	28	0	0	0	0	0	0	0	0	0	0	0	0	0	0	0	0	0	0	0	0	word_714.png
180	35	25	31	28	0	0	0	0	0	0	0	0	0	0	0	0	0	0	0	0	0	0	0	0	0	word_108.png
181	14	15	24	0	0	0	0	0	0	0	0	0	0	0	0	0	0	0	0	0	0	0	0	0	0	word_389.png
182	14	15	22	22	0	0	0	0	0	0	0	0	0	0	0	0	0	0	0	0	0	0	0	0	0	word_589.png
183	14	25	22	22	11	28	0	0	0	0	0	0	0	0	0	0	0	0	0	0	0	0	0	0	0	word_340.png
184	11	28	17	25	29	0	0	0	0	0	0	0	0	0	0	0	0	0	0	0	0	0	0	0	0	word_214.png
185	22	13	14	3	5	8	1	33	32	34	0	0	0	0	0	0	0	0	0	0	0	0	0	0	0	word_127.png
186	12	11	17	17	11	17	15	0	0	0	0	0	0	0	0	0	0	0	0	0	0	0	0	0	0	word_43.png
187	17	28	15	15	24	29	30	15	11	14	0	0	0	0	0	0	0	0	0	0	0	0	0	0	0	word_544.png
188	28	0	0	0	0	0	0	0	0	0	0	0	0	0	0	0	0	0	0	0	0	0	0	0	0	word_29.png
189	26	28	25	13	15	29	29	0	0	0	0	0	0	0	0	0	0	0	0	0	0	0	0	0	0	word_733.png
190	20	31	29	30	0	0	0	0	0	0	0	0	0	0	0	0	0	0	0	0	0	0	0	0	0	word_474.png
191	20	15	24	24	35	0	0	0	0	0	0	0	0	0	0	0	0	0	0	0	0	0	0	0	0	word_765.png
192	30	25	0	0	0	0	0	0	0	0	0	0	0	0	0	0	0	0	0	0	0	0	0	0	0	word_271.png
193	29	19	30	15	0	0	0	0	0	0	0	0	0	0	0	0	0	0	0	0	0	0	0	0	0	word_99.png
194	16	25	28	14	0	0	0	0	0	0	0	0	0	0	0	0	0	0	0	0	0	0	0	0	0	word_808.png
195	17	28	15	15	24	33	25	25	14	0	0	0	0	0	0	0	0	0	0	0	0	0	0	0	0	word_690.png
196	26	28	19	32	19	22	15	17	0	0	0	0	0	0	0	0	0	0	0	0	0	0	0	0	0	word_780.png
197	26	22	11	24	0	0	0	0	0	0	0	0	0	0	0	0	0	0	0	0	0	0	0	0	0	word_697.png
198	13	18	19	22	14	28	15	24	0	0	0	0	0	0	0	0	0	0	0	0	0	0	0	0	0	word_109.png
199	11	29	19	16	0	0	0	0	0	0	0	0	0	0	0	0	0	0	0	0	0	0	0	0	0	word_772.png
200	25	16	16	19	13	15	0	0	0	0	0	0	0	0	0	0	0	0	0	0	0	0	0	0	0	word_647.png
201	18	15	28	15	0	0	0	0	0	0	0	0	0	0	0	0	0	0	0	0	0	0	0	0	0	word_268.png
202	30	25	19	22	15	30	0	0	0	0	0	0	0	0	0	0	0	0	0	0	0	0	0	0	0	word_502.png
203	35	11	28	23	25	31	30	18	0	0	0	0	0	0	0	0	0	0	0	0	0	0	0	0	0	word_324.png
204	9	1	2	8	0	0	0	0	0	0	0	0	0	0	0	0	0	0	0	0	0	0	0	0	0	word_781.png
205	15	14	19	30	19	25	24	0	0	0	0	0	0	0	0	0	0	0	0	0	0	0	0	0	0	word_458.png
206	23	31	22	30	19	29	35	24	13	0	0	0	0	0	0	0	0	0	0	0	0	0	0	0	0	word_750.png
207	23	19	0	0	0	0	0	0	0	0	0	0	0	0	0	0	0	0	0	0	0	0	0	0	0	word_743.png
208	29	30	15	15	22	15	0	0	0	0	0	0	0	0	0	0	0	0	0	0	0	0	0	0	0	word_442.png
209	30	23	0	0	0	0	0	0	0	0	0	0	0	0	0	0	0	0	0	0	0	0	0	0	0	word_571.png
210	11	28	13	18	19	30	15	21	30	0	0	0	0	0	0	0	0	0	0	0	0	0	0	0	0	word_388.png
211	29	11	23	29	31	24	17	0	0	0	0	0	0	0	0	0	0	0	0	0	0	0	0	0	0	word_193.png
212	11	28	23	29	0	0	0	0	0	0	0	0	0	0	0	0	0	0	0	0	0	0	0	0	0	word_811.png
213	35	25	31	0	0	0	0	0	0	0	0	0	0	0	0	0	0	0	0	0	0	0	0	0	0	word_205.png
214	18	26	0	0	0	0	0	0	0	0	0	0	0	0	0	0	0	0	0	0	0	0	0	0	0	word_433.png
215	26	25	28	30	11	21	11	12	19	24	0	0	0	0	0	0	0	0	0	0	0	0	0	0	0	word_234.png
216	25	26	15	28	11	30	19	25	24	0	0	0	0	0	0	0	0	0	0	0	0	0	0	0	0	word_790.png
217	13	25	22	13	18	15	29	30	15	28	0	0	0	0	0	0	0	0	0	0	0	0	0	0	0	word_147.png
218	28	15	14	0	0	0	0	0	0	0	0	0	0	0	0	0	0	0	0	0	0	0	0	0	0	word_556.png
219	11	0	0	0	0	0	0	0	0	0	0	0	0	0	0	0	0	0	0	0	0	0	0	0	0	word_57.png
220	18	15	11	22	30	18	0	0	0	0	0	0	0	0	0	0	0	0	0	0	0	0	0	0	0	word_632.png
221	13	11	24	0	0	0	0	0	0	0	0	0	0	0	0	0	0	0	0	0	0	0	0	0	0	word_366.png
222	11	0	0	0	0	0	0	0	0	0	0	0	0	0	0	0	0	0	0	0	0	0	0	0	0	word_580.png
223	13	11	22	22	0	0	0	0	0	0	0	0	0	0	0	0	0	0	0	0	0	0	0	0	0	word_176.png
224	26	31	22	22	0	0	0	0	0	0	0	0	0	0	0	0	0	0	0	0	0	0	0	0	0	word_812.png
225	30	18	11	24	21	0	0	0	0	0	0	0	0	0	0	0	0	0	0	0	0	0	0	0	0	word_431.png
226	11	17	15	24	30	29	0	0	0	0	0	0	0	0	0	0	0	0	0	0	0	0	0	0	0	word_217.png
227	30	18	15	0	0	0	0	0	0	0	0	0	0	0	0	0	0	0	0	0	0	0	0	0	0	word_369.png
228	30	18	15	0	0	0	0	0	0	0	0	0	0	0	0	0	0	0	0	0	0	0	0	0	0	word_604.png
229	30	28	11	19	24	29	0	0	0	0	0	0	0	0	0	0	0	0	0	0	0	0	0	0	0	word_96.png
230	18	15	28	15	0	0	0	0	0	0	0	0	0	0	0	0	0	0	0	0	0	0	0	0	0	word_386.png
231	30	18	15	0	0	0	0	0	0	0	0	0	0	0	0	0	0	0	0	0	0	0	0	0	0	word_419.png
232	17	11	28	14	15	24	0	0	0	0	0	0	0	0	0	0	0	0	0	0	0	0	0	0	0	word_753.png
233	33	18	15	24	0	0	0	0	0	0	0	0	0	0	0	0	0	0	0	0	0	0	0	0	0	word_555.png
234	29	35	29	30	15	23	0	0	0	0	0	0	0	0	0	0	0	0	0	0	0	0	0	0	0	word_456.png
235	13	25	22	13	18	15	29	30	15	28	0	0	0	0	0	0	0	0	0	0	0	0	0	0	0	word_115.png
236	9	3	1	15	0	0	0	0	0	0	0	0	0	0	0	0	0	0	0	0	0	0	0	0	0	word_184.png
237	26	25	33	15	28	0	0	0	0	0	0	0	0	0	0	0	0	0	0	0	0	0	0	0	0	word_841.png
238	16	28	15	29	18	0	0	0	0	0	0	0	0	0	0	0	0	0	0	0	0	0	0	0	0	word_335.png
239	12	15	15	16	15	11	30	15	28	0	0	0	0	0	0	0	0	0	0	0	0	0	0	0	0	word_196.png
240	13	22	11	13	30	25	24	0	0	0	0	0	0	0	0	0	0	0	0	0	0	0	0	0	0	word_318.png
241	32	15	18	19	13	22	15	0	0	0	0	0	0	0	0	0	0	0	0	0	0	0	0	0	0	word_659.png
242	28	15	29	15	28	32	15	14	0	0	0	0	0	0	0	0	0	0	0	0	0	0	0	0	0	word_720.png
243	29	11	34	25	24	29	0	0	0	0	0	0	0	0	0	0	0	0	0	0	0	0	0	0	0	word_219.png
244	11	31	30	18	25	28	19	29	15	14	0	0	0	0	0	0	0	0	0	0	0	0	0	0	0	word_312.png
245	30	11	24	0	0	0	0	0	0	0	0	0	0	0	0	0	0	0	0	0	0	0	0	0	0	word_749.png
246	32	19	17	22	15	24	0	0	0	0	0	0	0	0	0	0	0	0	0	0	0	0	0	0	0	word_213.png
247	17	11	22	32	19	24	0	0	0	0	0	0	0	0	0	0	0	0	0	0	0	0	0	0	0	word_460.png
248	12	15	33	11	28	15	0	0	0	0	0	0	0	0	0	0	0	0	0	0	0	0	0	0	0	word_498.png
249	15	29	29	15	24	13	15	0	0	0	0	0	0	0	0	0	0	0	0	0	0	0	0	0	0	word_274.png
250	11	28	30	18	31	28	0	0	0	0	0	0	0	0	0	0	0	0	0	0	0	0	0	0	0	word_653.png
251	12	22	11	29	30	0	0	0	0	0	0	0	0	0	0	0	0	0	0	0	0	0	0	0	0	word_362.png
252	14	11	30	11	0	0	0	0	0	0	0	0	0	0	0	0	0	0	0	0	0	0	0	0	0	word_521.png
253	14	15	29	19	17	24	0	0	0	0	0	0	0	0	0	0	0	0	0	0	0	0	0	0	0	word_611.png
254	23	19	13	28	25	29	25	16	30	0	0	0	0	0	0	0	0	0	0	0	0	0	0	0	0	word_746.png
255	25	16	0	0	0	0	0	0	0	0	0	0	0	0	0	0	0	0	0	0	0	0	0	0	0	word_279.png
256	28	15	29	15	11	28	13	18	0	0	0	0	0	0	0	0	0	0	0	0	0	0	0	0	0	word_633.png
257	16	28	15	15	0	0	0	0	0	0	0	0	0	0	0	0	0	0	0	0	0	0	0	0	0	word_395.png
258	26	18	35	29	19	13	11	22	0	0	0	0	0	0	0	0	0	0	0	0	0	0	0	0	0	word_364.png
259	26	11	24	30	15	24	15	0	0	0	0	0	0	0	0	0	0	0	0	0	0	0	0	0	0	word_392.png
260	28	15	29	15	28	32	15	14	0	0	0	0	0	0	0	0	0	0	0	0	0	0	0	0	0	word_427.png
261	13	22	31	12	0	0	0	0	0	0	0	0	0	0	0	0	0	0	0	0	0	0	0	0	0	word_342.png
262	14	19	28	15	13	30	25	28	35	0	0	0	0	0	0	0	0	0	0	0	0	0	0	0	0	word_227.png
263	29	15	11	30	28	11	14	15	0	0	0	0	0	0	0	0	0	0	0	0	0	0	0	0	0	word_349.png
264	30	18	15	0	0	0	0	0	0	0	0	0	0	0	0	0	0	0	0	0	0	0	0	0	0	word_416.png
265	26	25	13	21	15	30	0	0	0	0	0	0	0	0	0	0	0	0	0	0	0	0	0	0	0	word_187.png
266	13	11	29	30	22	15	0	0	0	0	0	0	0	0	0	0	0	0	0	0	0	0	0	0	0	word_834.png
267	13	25	31	24	30	35	0	0	0	0	0	0	0	0	0	0	0	0	0	0	0	0	0	0	0	word_508.png
268	14	11	30	11	0	0	0	0	0	0	0	0	0	0	0	0	0	0	0	0	0	0	0	0	0	word_247.png
269	33	19	30	18	0	0	0	0	0	0	0	0	0	0	0	0	0	0	0	0	0	0	0	0	0	word_167.png
270	21	24	25	33	22	15	14	17	15	0	0	0	0	0	0	0	0	0	0	0	0	0	0	0	0	word_238.png
271	25	16	16	19	13	15	0	0	0	0	0	0	0	0	0	0	0	0	0	0	0	0	0	0	0	word_451.png
272	26	28	19	32	11	30	15	0	0	0	0	0	0	0	0	0	0	0	0	0	0	0	0	0	0	word_657.png
273	23	11	21	15	0	0	0	0	0	0	0	0	0	0	0	0	0	0	0	0	0	0	0	0	0	word_198.png
274	29	30	31	11	28	30	0	0	0	0	0	0	0	0	0	0	0	0	0	0	0	0	0	0	0	word_583.png
275	11	28	15	0	0	0	0	0	0	0	0	0	0	0	0	0	0	0	0	0	0	0	0	0	0	word_385.png
276	28	19	14	15	0	0	0	0	0	0	0	0	0	0	0	0	0	0	0	0	0	0	0	0	0	word_827.png
277	18	11	28	33	19	13	18	0	0	0	0	0	0	0	0	0	0	0	0	0	0	0	0	0	0	word_325.png
278	13	22	25	13	21	0	0	0	0	0	0	0	0	0	0	0	0	0	0	0	0	0	0	0	0	word_424.png
279	3	1	1	7	0	0	0	0	0	0	0	0	0	0	0	0	0	0	0	0	0	0	0	0	0	word_514.png
280	28	25	11	14	0	0	0	0	0	0	0	0	0	0	0	0	0	0	0	0	0	0	0	0	0	word_543.png
281	14	19	17	19	30	11	22	0	0	0	0	0	0	0	0	0	0	0	0	0	0	0	0	0	0	word_191.png
282	32	15	0	0	0	0	0	0	0	0	0	0	0	0	0	0	0	0	0	0	0	0	0	0	0	word_436.png
283	25	16	16	19	13	15	0	0	0	0	0	0	0	0	0	0	0	0	0	0	0	0	0	0	0	word_149.png
284	33	15	12	0	0	0	0	0	0	0	0	0	0	0	0	0	0	0	0	0	0	0	0	0	0	word_562.png
285	14	19	11	24	15	0	0	0	0	0	0	0	0	0	0	0	0	0	0	0	0	0	0	0	0	word_22.png
286	33	19	22	15	35	0	0	0	0	0	0	0	0	0	0	0	0	0	0	0	0	0	0	0	0	word_767.png
287	12	25	31	24	14	11	28	35	0	0	0	0	0	0	0	0	0	0	0	0	0	0	0	0	0	word_757.png
288	29	11	24	35	25	0	0	0	0	0	0	0	0	0	0	0	0	0	0	0	0	0	0	0	0	word_405.png
289	11	30	0	0	0	0	0	0	0	0	0	0	0	0	0	0	0	0	0	0	0	0	0	0	0	word_415.png
290	19	29	0	0	0	0	0	0	0	0	0	0	0	0	0	0	0	0	0	0	0	0	0	0	0	word_623.png
291	22	15	19	29	31	28	15	0	0	0	0	0	0	0	0	0	0	0	0	0	0	0	0	0	0	word_541.png
292	29	11	22	25	25	24	0	0	0	0	0	0	0	0	0	0	0	0	0	0	0	0	0	0	0	word_587.png
293	28	11	13	15	0	0	0	0	0	0	0	0	0	0	0	0	0	0	0	0	0	0	0	0	0	word_593.png
294	16	22	11	29	18	0	0	0	0	0	0	0	0	0	0	0	0	0	0	0	0	0	0	0	0	word_402.png
295	24	31	23	0	0	0	0	0	0	0	0	0	0	0	0	0	0	0	0	0	0	0	0	0	0	word_207.png
296	29	15	28	32	19	13	15	0	0	0	0	0	0	0	0	0	0	0	0	0	0	0	0	0	0	word_491.png
297	14	19	29	13	25	32	15	28	0	0	0	0	0	0	0	0	0	0	0	0	0	0	0	0	0	word_255.png
298	22	15	19	29	31	28	15	0	0	0	0	0	0	0	0	0	0	0	0	0	0	0	0	0	0	word_447.png
299	17	31	35	0	0	0	0	0	0	0	0	0	0	0	0	0	0	0	0	0	0	0	0	0	0	word_441.png
300	12	35	0	0	0	0	0	0	0	0	0	0	0	0	0	0	0	0	0	0	0	0	0	0	0	word_708.png
301	11	24	11	22	35	29	19	29	0	0	0	0	0	0	0	0	0	0	0	0	0	0	0	0	0	word_245.png
302	15	22	15	13	30	28	25	22	31	34	0	0	0	0	0	0	0	0	0	0	0	0	0	0	0	word_333.png
303	26	28	15	29	29	0	0	0	0	0	0	0	0	0	0	0	0	0	0	0	0	0	0	0	0	word_179.png
304	33	15	0	0	0	0	0	0	0	0	0	0	0	0	0	0	0	0	0	0	0	0	0	0	0	word_61.png
305	13	22	25	29	15	14	0	0	0	0	0	0	0	0	0	0	0	0	0	0	0	0	0	0	0	word_755.png
306	11	24	28	31	16	22	19	29	30	15	0	0	0	0	0	0	0	0	0	0	0	0	0	0	0	word_534.png
307	25	26	15	28	11	30	19	24	17	0	0	0	0	0	0	0	0	0	0	0	0	0	0	0	0	word_455.png
308	33	11	32	15	14	25	23	0	0	0	0	0	0	0	0	0	0	0	0	0	0	0	0	0	0	word_70.png
309	23	11	14	15	0	0	0	0	0	0	0	0	0	0	0	0	0	0	0	0	0	0	0	0	0	word_717.png
310	16	25	31	28	29	0	0	0	0	0	0	0	0	0	0	0	0	0	0	0	0	0	0	0	0	word_650.png
311	16	25	29	30	15	28	0	0	0	0	0	0	0	0	0	0	0	0	0	0	0	0	0	0	0	word_231.png
312	18	19	33	19	29	0	0	0	0	0	0	0	0	0	0	0	0	0	0	0	0	0	0	0	0	word_723.png
313	28	15	29	15	28	32	15	14	0	0	0	0	0	0	0	0	0	0	0	0	0	0	0	0	0	word_476.png
314	13	25	24	29	30	28	31	13	30	19	25	24	0	0	0	0	0	0	0	0	0	0	0	0	0	word_783.png
315	29	0	0	0	0	0	0	0	0	0	0	0	0	0	0	0	0	0	0	0	0	0	0	0	0	word_768.png
316	28	15	24	11	31	22	30	0	0	0	0	0	0	0	0	0	0	0	0	0	0	0	0	0	0	word_338.png
317	18	19	28	15	0	0	0	0	0	0	0	0	0	0	0	0	0	0	0	0	0	0	0	0	0	word_490.png
318	13	28	25	29	29	0	0	0	0	0	0	0	0	0	0	0	0	0	0	0	0	0	0	0	0	word_286.png
319	29	35	24	13	23	11	29	30	15	28	0	0	0	0	0	0	0	0	0	0	0	0	0	0	0	word_113.png
320	26	22	15	11	29	15	0	0	0	0	0	0	0	0	0	0	0	0	0	0	0	0	0	0	0	word_175.png
321	28	15	17	19	29	30	15	28	15	14	0	0	0	0	0	0	0	0	0	0	0	0	0	0	0	word_354.png
322	18	29	12	13	0	0	0	0	0	0	0	0	0	0	0	0	0	0	0	0	0	0	0	0	0	word_482.png
323	25	16	0	0	0	0	0	0	0	0	0	0	0	0	0	0	0	0	0	0	0	0	0	0	0	word_101.png
324	29	15	28	32	19	13	15	29	0	0	0	0	0	0	0	0	0	0	0	0	0	0	0	0	0	word_448.png
325	11	28	15	24	11	0	0	0	0	0	0	0	0	0	0	0	0	0	0	0	0	0	0	0	0	word_446.png
326	13	11	23	26	12	15	22	22	0	0	0	0	0	0	0	0	0	0	0	0	0	0	0	0	0	word_300.png
327	11	24	19	23	11	22	0	0	0	0	0	0	0	0	0	0	0	0	0	0	0	0	0	0	0	word_307.png
328	31	29	15	0	0	0	0	0	0	0	0	0	0	0	0	0	0	0	0	0	0	0	0	0	0	word_137.png
329	17	31	19	14	15	34	0	0	0	0	0	0	0	0	0	0	0	0	0	0	0	0	0	0	0	word_830.png
330	3	1	1	2	0	0	0	0	0	0	0	0	0	0	0	0	0	0	0	0	0	0	0	0	0	word_681.png
331	25	24	0	0	0	0	0	0	0	0	0	0	0	0	0	0	0	0	0	0	0	0	0	0	0	word_141.png
332	24	19	17	18	30	22	19	24	15	0	0	0	0	0	0	0	0	0	0	0	0	0	0	0	0	word_303.png
333	11	26	30	15	28	0	0	0	0	0	0	0	0	0	0	0	0	0	0	0	0	0	0	0	0	word_524.png
334	29	30	28	15	15	30	0	0	0	0	0	0	0	0	0	0	0	0	0	0	0	0	0	0	0	word_803.png
335	23	11	19	22	0	0	0	0	0	0	0	0	0	0	0	0	0	0	0	0	0	0	0	0	0	word_548.png
336	19	24	16	25	28	23	11	30	19	25	24	0	0	0	0	0	0	0	0	0	0	0	0	0	0	word_94.png
337	25	24	0	0	0	0	0	0	0	0	0	0	0	0	0	0	0	0	0	0	0	0	0	0	0	word_173.png
338	17	11	30	15	0	0	0	0	0	0	0	0	0	0	0	0	0	0	0	0	0	0	0	0	0	word_400.png
339	20	11	32	11	0	0	0	0	0	0	0	0	0	0	0	0	0	0	0	0	0	0	0	0	0	word_437.png
340	25	31	30	0	0	0	0	0	0	0	0	0	0	0	0	0	0	0	0	0	0	0	0	0	0	word_503.png
341	30	11	34	19	0	0	0	0	0	0	0	0	0	0	0	0	0	0	0	0	0	0	0	0	0	word_661.png
342	29	31	28	17	15	28	35	0	0	0	0	0	0	0	0	0	0	0	0	0	0	0	0	0	0	word_445.png
343	11	14	23	19	30	30	11	24	13	15	0	0	0	0	0	0	0	0	0	0	0	0	0	0	0	word_311.png
344	16	13	11	0	0	0	0	0	0	0	0	0	0	0	0	0	0	0	0	0	0	0	0	0	0	word_230.png
345	21	19	11	0	0	0	0	0	0	0	0	0	0	0	0	0	0	0	0	0	0	0	0	0	0	word_523.png
346	29	19	17	24	11	22	29	0	0	0	0	0	0	0	0	0	0	0	0	0	0	0	0	0	0	word_539.png
347	26	25	33	15	28	29	18	25	30	0	0	0	0	0	0	0	0	0	0	0	0	0	0	0	0	word_602.png
348	23	31	22	30	19	29	35	24	13	0	0	0	0	0	0	0	0	0	0	0	0	0	0	0	0	word_673.png
349	12	11	15	0	0	0	0	0	0	0	0	0	0	0	0	0	0	0	0	0	0	0	0	0	0	word_684.png
350	26	22	15	11	29	15	0	0	0	0	0	0	0	0	0	0	0	0	0	0	0	0	0	0	0	word_372.png
351	29	11	32	15	28	29	0	0	0	0	0	0	0	0	0	0	0	0	0	0	0	0	0	0	0	word_747.png
352	26	0	0	0	0	0	0	0	0	0	0	0	0	0	0	0	0	0	0	0	0	0	0	0	0	word_824.png
353	33	18	11	30	15	32	15	28	0	0	0	0	0	0	0	0	0	0	0	0	0	0	0	0	0	word_368.png
354	19	24	20	31	28	35	0	0	0	0	0	0	0	0	0	0	0	0	0	0	0	0	0	0	0	word_365.png
355	22	30	14	0	0	0	0	0	0	0	0	0	0	0	0	0	0	0	0	0	0	0	0	0	0	word_353.png
356	26	22	15	11	29	15	0	0	0	0	0	0	0	0	0	0	0	0	0	0	0	0	0	0	0	word_712.png
357	28	25	33	22	11	24	14	0	0	0	0	0	0	0	0	0	0	0	0	0	0	0	0	0	0	word_23.png
358	12	15	15	28	0	0	0	0	0	0	0	0	0	0	0	0	0	0	0	0	0	0	0	0	0	word_752.png
359	13	25	22	15	23	11	24	0	0	0	0	0	0	0	0	0	0	0	0	0	0	0	0	0	0	word_19.png
360	11	19	28	13	28	11	16	30	0	0	0	0	0	0	0	0	0	0	0	0	0	0	0	0	0	word_361.png
361	29	23	19	28	24	25	16	16	0	0	0	0	0	0	0	0	0	0	0	0	0	0	0	0	0	word_222.png
362	29	35	24	13	23	11	29	30	15	28	0	0	0	0	0	0	0	0	0	0	0	0	0	0	0	word_283.png
363	3	1	0	0	0	0	0	0	0	0	0	0	0	0	0	0	0	0	0	0	0	0	0	0	0	word_496.png
364	33	29	14	22	0	0	0	0	0	0	0	0	0	0	0	0	0	0	0	0	0	0	0	0	0	word_574.png
365	25	16	16	19	13	15	0	0	0	0	0	0	0	0	0	0	0	0	0	0	0	0	0	0	0	word_355.png
366	36	31	12	28	25	33	21	11	0	0	0	0	0	0	0	0	0	0	0	0	0	0	0	0	0	word_260.png
367	19	15	29	15	0	0	0	0	0	0	0	0	0	0	0	0	0	0	0	0	0	0	0	0	0	word_672.png
368	21	24	25	33	0	0	0	0	0	0	0	0	0	0	0	0	0	0	0	0	0	0	0	0	0	word_42.png
369	26	11	24	11	29	35	24	13	15	8	1	0	0	0	0	0	0	0	0	0	0	0	0	0	0	word_662.png
370	18	25	23	25	17	15	24	19	13	0	0	0	0	0	0	0	0	0	0	0	0	0	0	0	0	word_745.png
371	13	25	25	26	15	28	11	30	19	25	24	0	0	0	0	0	0	0	0	0	0	0	0	0	0	word_629.png
372	30	15	15	30	18	0	0	0	0	0	0	0	0	0	0	0	0	0	0	0	0	0	0	0	0	word_500.png
373	14	15	22	19	32	15	28	35	0	0	0	0	0	0	0	0	0	0	0	0	0	0	0	0	0	word_396.png
374	29	25	24	35	0	0	0	0	0	0	0	0	0	0	0	0	0	0	0	0	0	0	0	0	0	word_9.png
375	26	11	24	11	29	25	24	19	13	0	0	0	0	0	0	0	0	0	0	0	0	0	0	0	0	word_663.png
376	23	11	21	19	24	17	0	0	0	0	0	0	0	0	0	0	0	0	0	0	0	0	0	0	0	word_565.png
377	3	11	0	0	0	0	0	0	0	0	0	0	0	0	0	0	0	0	0	0	0	0	0	0	0	word_652.png
378	29	15	13	28	15	30	11	28	35	0	0	0	0	0	0	0	0	0	0	0	0	0	0	0	0	word_479.png
379	12	25	11	28	14	29	0	0	0	0	0	0	0	0	0	0	0	0	0	0	0	0	0	0	0	word_143.png
380	24	19	17	18	30	0	0	0	0	0	0	0	0	0	0	0	0	0	0	0	0	0	0	0	0	word_813.png
381	13	25	23	26	31	30	19	24	17	0	0	0	0	0	0	0	0	0	0	0	0	0	0	0	0	word_276.png
382	26	18	25	30	25	0	0	0	0	0	0	0	0	0	0	0	0	0	0	0	0	0	0	0	0	word_694.png
383	22	29	0	0	0	0	0	0	0	0	0	0	0	0	0	0	0	0	0	0	0	0	0	0	0	word_51.png
384	3	24	0	0	0	0	0	0	0	0	0	0	0	0	0	0	0	0	0	0	0	0	0	0	0	word_640.png
385	12	25	34	0	0	0	0	0	0	0	0	0	0	0	0	0	0	0	0	0	0	0	0	0	0	word_454.png
386	13	11	24	25	24	0	0	0	0	0	0	0	0	0	0	0	0	0	0	0	0	0	0	0	0	word_609.png
387	32	19	24	13	15	29	0	0	0	0	0	0	0	0	0	0	0	0	0	0	0	0	0	0	0	word_639.png
388	16	19	16	30	18	0	0	0	0	0	0	0	0	0	0	0	0	0	0	0	0	0	0	0	0	word_457.png
389	30	18	15	29	15	0	0	0	0	0	0	0	0	0	0	0	0	0	0	0	0	0	0	0	0	word_142.png
390	22	25	13	21	0	0	0	0	0	0	0	0	0	0	0	0	0	0	0	0	0	0	0	0	0	word_212.png
391	28	15	14	0	0	0	0	0	0	0	0	0	0	0	0	0	0	0	0	0	0	0	0	0	0	word_798.png
392	14	15	26	11	28	30	19	24	17	0	0	0	0	0	0	0	0	0	0	0	0	0	0	0	0	word_367.png
393	14	19	0	0	0	0	0	0	0	0	0	0	0	0	0	0	0	0	0	0	0	0	0	0	0	word_527.png
394	29	15	28	32	19	13	15	0	0	0	0	0	0	0	0	0	0	0	0	0	0	0	0	0	0	word_295.png
395	18	19	28	15	0	0	0	0	0	0	0	0	0	0	0	0	0	0	0	0	0	0	0	0	0	word_658.png
396	26	11	28	21	0	0	0	0	0	0	0	0	0	0	0	0	0	0	0	0	0	0	0	0	0	word_825.png
397	32	25	14	21	11	0	0	0	0	0	0	0	0	0	0	0	0	0	0	0	0	0	0	0	0	word_262.png
398	23	11	19	24	30	15	24	11	24	13	15	0	0	0	0	0	0	0	0	0	0	0	0	0	0	word_787.png
399	11	28	22	12	25	28	25	0	0	0	0	0	0	0	0	0	0	0	0	0	0	0	0	0	0	word_111.png
400	13	11	28	15	0	0	0	0	0	0	0	0	0	0	0	0	0	0	0	0	0	0	0	0	0	word_232.png
401	20	3	29	15	0	0	0	0	0	0	0	0	0	0	0	0	0	0	0	0	0	0	0	0	0	word_60.png
402	15	34	19	30	0	0	0	0	0	0	0	0	0	0	0	0	0	0	0	0	0	0	0	0	0	word_356.png
403	29	30	11	30	19	25	24	0	0	0	0	0	0	0	0	0	0	0	0	0	0	0	0	0	0	word_421.png
404	22	11	12	15	22	29	0	0	0	0	0	0	0	0	0	0	0	0	0	0	0	0	0	0	0	word_54.png
405	2	2	0	0	0	0	0	0	0	0	0	0	0	0	0	0	0	0	0	0	0	0	0	0	0	word_530.png
406	28	25	35	11	22	0	0	0	0	0	0	0	0	0	0	0	0	0	0	0	0	0	0	0	0	word_547.png
407	28	15	29	15	11	28	13	18	0	0	0	0	0	0	0	0	0	0	0	0	0	0	0	0	0	word_597.png
408	18	15	11	28	30	0	0	0	0	0	0	0	0	0	0	0	0	0	0	0	0	0	0	0	0	word_417.png
409	16	28	11	24	21	0	0	0	0	0	0	0	0	0	0	0	0	0	0	0	0	0	0	0	0	word_16.png
410	16	11	34	0	0	0	0	0	0	0	0	0	0	0	0	0	0	0	0	0	0	0	0	0	0	word_806.png
411	35	25	31	28	0	0	0	0	0	0	0	0	0	0	0	0	0	0	0	0	0	0	0	0	0	word_190.png
412	21	11	19	29	15	28	29	22	11	31	30	15	28	24	0	0	0	0	0	0	0	0	0	0	0	word_391.png
413	15	29	29	15	34	0	0	0	0	0	0	0	0	0	0	0	0	0	0	0	0	0	0	0	0	word_394.png
414	35	25	31	0	0	0	0	0	0	0	0	0	0	0	0	0	0	0	0	0	0	0	0	0	0	word_121.png
415	6	5	5	5	5	5	0	0	0	0	0	0	0	0	0	0	0	0	0	0	0	0	0	0	0	word_651.png
416	17	15	28	23	11	24	35	0	0	0	0	0	0	0	0	0	0	0	0	0	0	0	0	0	0	word_718.png
417	13	35	13	22	15	33	11	35	0	0	0	0	0	0	0	0	0	0	0	0	0	0	0	0	0	word_754.png
418	33	15	12	29	19	30	15	0	0	0	0	0	0	0	0	0	0	0	0	0	0	0	0	0	0	word_226.png
419	29	18	11	18	11	12	0	0	0	0	0	0	0	0	0	0	0	0	0	0	0	0	0	0	0	word_157.png
420	14	16	21	19	0	0	0	0	0	0	0	0	0	0	0	0	0	0	0	0	0	0	0	0	0	word_531.png
421	15	24	17	19	24	15	15	28	19	24	17	0	0	0	0	0	0	0	0	0	0	0	0	0	0	word_15.png
422	29	11	13	21	0	0	0	0	0	0	0	0	0	0	0	0	0	0	0	0	0	0	0	0	0	word_38.png
423	31	14	14	19	0	0	0	0	0	0	0	0	0	0	0	0	0	0	0	0	0	0	0	0	0	word_569.png
424	23	31	22	30	19	23	15	14	19	11	0	0	0	0	0	0	0	0	0	0	0	0	0	0	0	word_244.png
425	13	11	16	15	0	0	0	0	0	0	0	0	0	0	0	0	0	0	0	0	0	0	0	0	0	word_39.png
426	13	25	24	14	19	30	19	25	24	29	0	0	0	0	0	0	0	0	0	0	0	0	0	0	0	word_794.png
427	25	16	16	19	13	15	0	0	0	0	0	0	0	0	0	0	0	0	0	0	0	0	0	0	0	word_552.png
428	13	11	29	15	0	0	0	0	0	0	0	0	0	0	0	0	0	0	0	0	0	0	0	0	0	word_252.png
429	13	25	24	29	30	28	31	13	30	19	25	24	0	0	0	0	0	0	0	0	0	0	0	0	0	word_785.png
430	13	25	23	26	11	13	30	0	0	0	0	0	0	0	0	0	0	0	0	0	0	0	0	0	0	word_840.png
431	23	19	24	19	24	17	0	0	0	0	0	0	0	0	0	0	0	0	0	0	0	0	0	0	0	word_248.png
432	14	11	24	17	15	28	0	0	0	0	0	0	0	0	0	0	0	0	0	0	0	0	0	0	0	word_97.png
433	3	24	0	0	0	0	0	0	0	0	0	0	0	0	0	0	0	0	0	0	0	0	0	0	0	word_293.png
434	15	29	29	15	24	13	15	0	0	0	0	0	0	0	0	0	0	0	0	0	0	0	0	0	0	word_278.png
435	29	26	15	13	19	11	22	19	29	30	29	0	0	0	0	0	0	0	0	0	0	0	0	0	0	word_695.png
436	17	15	24	25	23	19	13	29	0	0	0	0	0	0	0	0	0	0	0	0	0	0	0	0	0	word_627.png
437	13	25	22	13	18	15	29	30	15	28	0	0	0	0	0	0	0	0	0	0	0	0	0	0	0	word_655.png
438	12	15	11	32	15	28	9	5	0	0	0	0	0	0	0	0	0	0	0	0	0	0	0	0	0	word_288.png
439	29	35	29	30	15	23	29	0	0	0	0	0	0	0	0	0	0	0	0	0	0	0	0	0	0	word_685.png
440	26	25	13	21	15	30	0	0	0	0	0	0	0	0	0	0	0	0	0	0	0	0	0	0	0	word_401.png
441	29	13	28	25	22	22	0	0	0	0	0	0	0	0	0	0	0	0	0	0	0	0	0	0	0	word_211.png
442	3	1	2	1	0	0	0	0	0	0	0	0	0	0	0	0	0	0	0	0	0	0	0	0	0	word_735.png
443	19	24	0	0	0	0	0	0	0	0	0	0	0	0	0	0	0	0	0	0	0	0	0	0	0	word_251.png
444	6	4	1	9	9	9	0	0	0	0	0	0	0	0	0	0	0	0	0	0	0	0	0	0	0	word_291.png
445	22	25	14	17	19	24	17	29	0	0	0	0	0	0	0	0	0	0	0	0	0	0	0	0	0	word_81.png
446	16	25	22	14	15	28	29	0	0	0	0	0	0	0	0	0	0	0	0	0	0	0	0	0	0	word_831.png
447	18	25	30	15	22	0	0	0	0	0	0	0	0	0	0	0	0	0	0	0	0	0	0	0	0	word_339.png
448	25	16	0	0	0	0	0	0	0	0	0	0	0	0	0	0	0	0	0	0	0	0	0	0	0	word_576.png
449	19	24	30	15	28	24	11	30	19	25	24	11	22	0	0	0	0	0	0	0	0	0	0	0	0	word_628.png
450	29	18	25	26	0	0	0	0	0	0	0	0	0	0	0	0	0	0	0	0	0	0	0	0	0	word_287.png
451	25	24	22	35	0	0	0	0	0	0	0	0	0	0	0	0	0	0	0	0	0	0	0	0	0	word_138.png
452	11	24	14	0	0	0	0	0	0	0	0	0	0	0	0	0	0	0	0	0	0	0	0	0	0	word_106.png
453	25	16	0	0	0	0	0	0	0	0	0	0	0	0	0	0	0	0	0	0	0	0	0	0	0	word_253.png
454	29	30	31	14	19	25	0	0	0	0	0	0	0	0	0	0	0	0	0	0	0	0	0	0	0	word_696.png
455	20	11	32	11	0	0	0	0	0	0	0	0	0	0	0	0	0	0	0	0	0	0	0	0	0	word_379.png
456	16	25	28	0	0	0	0	0	0	0	0	0	0	0	0	0	0	0	0	0	0	0	0	0	0	word_594.png
457	26	28	25	20	15	13	30	25	28	0	0	0	0	0	0	0	0	0	0	0	0	0	0	0	0	word_408.png
458	18	11	22	22	0	0	0	0	0	0	0	0	0	0	0	0	0	0	0	0	0	0	0	0	0	word_575.png
459	26	28	25	13	15	15	14	0	0	0	0	0	0	0	0	0	0	0	0	0	0	0	0	0	0	word_129.png
460	30	18	15	0	0	0	0	0	0	0	0	0	0	0	0	0	0	0	0	0	0	0	0	0	0	word_256.png
461	12	25	29	30	25	13	21	0	0	0	0	0	0	0	0	0	0	0	0	0	0	0	0	0	0	word_643.png
462	28	15	17	31	22	11	28	0	0	0	0	0	0	0	0	0	0	0	0	0	0	0	0	0	0	word_722.png
463	16	22	11	29	18	0	0	0	0	0	0	0	0	0	0	0	0	0	0	0	0	0	0	0	0	word_188.png
464	17	28	15	15	24	29	30	15	11	14	0	0	0	0	0	0	0	0	0	0	0	0	0	0	0	word_76.png
465	12	15	30	28	19	15	12	29	12	15	28	15	19	30	0	0	0	0	0	0	0	0	0	0	0	word_848.png
466	29	26	15	24	13	15	28	0	0	0	0	0	0	0	0	0	0	0	0	0	0	0	0	0	0	word_706.png
467	3	1	1	3	0	0	0	0	0	0	0	0	0	0	0	0	0	0	0	0	0	0	0	0	0	word_494.png
468	25	16	0	0	0	0	0	0	0	0	0	0	0	0	0	0	0	0	0	0	0	0	0	0	0	word_275.png
469	11	24	14	0	0	0	0	0	0	0	0	0	0	0	0	0	0	0	0	0	0	0	0	0	0	word_178.png
470	20	11	24	31	11	28	0	0	0	0	0	0	0	0	0	0	0	0	0	0	0	0	0	0	0	word_736.png
471	12	15	27	31	15	30	0	0	0	0	0	0	0	0	0	0	0	0	0	0	0	0	0	0	0	word_382.png
472	18	15	24	28	35	0	0	0	0	0	0	0	0	0	0	0	0	0	0	0	0	0	0	0	0	word_381.png
473	16	0	0	0	0	0	0	0	0	0	0	0	0	0	0	0	0	0	0	0	0	0	0	0	0	word_34.png
474	30	19	16	19	13	19	11	22	0	0	0	0	0	0	0	0	0	0	0	0	0	0	0	0	0	word_578.png
475	16	28	15	15	14	25	23	0	0	0	0	0	0	0	0	0	0	0	0	0	0	0	0	0	0	word_215.png
476	15	2	2	28	0	0	0	0	0	0	0	0	0	0	0	0	0	0	0	0	0	0	0	0	0	word_549.png
477	9	1	1	1	0	0	0	0	0	0	0	0	0	0	0	0	0	0	0	0	0	0	0	0	0	word_588.png
478	15	14	19	30	19	25	24	0	0	0	0	0	0	0	0	0	0	0	0	0	0	0	0	0	0	word_47.png
479	29	13	18	25	25	22	0	0	0	0	0	0	0	0	0	0	0	0	0	0	0	0	0	0	0	word_687.png
480	29	31	28	15	0	0	0	0	0	0	0	0	0	0	0	0	0	0	0	0	0	0	0	0	0	word_199.png
481	22	19	23	19	30	15	14	0	0	0	0	0	0	0	0	0	0	0	0	0	0	0	0	0	0	word_449.png
482	3	2	4	30	0	0	0	0	0	0	0	0	0	0	0	0	0	0	0	0	0	0	0	0	0	word_114.png
483	3	24	14	0	0	0	0	0	0	0	0	0	0	0	0	0	0	0	0	0	0	0	0	0	0	word_46.png
484	17	22	11	29	29	0	0	0	0	0	0	0	0	0	0	0	0	0	0	0	0	0	0	0	0	word_250.png
485	23	19	14	14	22	15	12	25	28	25	31	17	18	0	0	0	0	0	0	0	0	0	0	0	0	word_309.png
486	16	25	25	30	26	11	30	18	0	0	0	0	0	0	0	0	0	0	0	0	0	0	0	0	0	word_72.png
487	17	28	11	14	31	11	30	15	0	0	0	0	0	0	0	0	0	0	0	0	0	0	0	0	0	word_646.png
488	11	22	15	29	0	0	0	0	0	0	0	0	0	0	0	0	0	0	0	0	0	0	0	0	0	word_88.png
489	16	25	28	0	0	0	0	0	0	0	0	0	0	0	0	0	0	0	0	0	0	0	0	0	0	word_721.png
490	29	21	19	23	23	15	14	0	0	0	0	0	0	0	0	0	0	0	0	0	0	0	0	0	0	word_337.png
491	33	28	25	34	0	0	0	0	0	0	0	0	0	0	0	0	0	0	0	0	0	0	0	0	0	word_383.png
492	14	19	34	25	24	0	0	0	0	0	0	0	0	0	0	0	0	0	0	0	0	0	0	0	0	word_645.png
493	13	11	12	22	15	0	0	0	0	0	0	0	0	0	0	0	0	0	0	0	0	0	0	0	0	word_515.png
494	36	11	24	31	29	29	19	0	0	0	0	0	0	0	0	0	0	0	0	0	0	0	0	0	0	word_748.png
495	25	28	14	15	28	0	0	0	0	0	0	0	0	0	0	0	0	0	0	0	0	0	0	0	0	word_462.png
496	28	11	16	0	0	0	0	0	0	0	0	0	0	0	0	0	0	0	0	0	0	0	0	0	0	word_637.png
497	25	32	15	28	29	15	11	29	0	0	0	0	0	0	0	0	0	0	0	0	0	0	0	0	0	word_550.png
498	16	11	19	29	11	22	0	0	0	0	0	0	0	0	0	0	0	0	0	0	0	0	0	0	0	word_242.png
499	23	25	28	30	17	11	17	15	29	0	0	0	0	0	0	0	0	0	0	0	0	0	0	0	0	word_160.png
500	24	18	29	0	0	0	0	0	0	0	0	0	0	0	0	0	0	0	0	0	0	0	0	0	0	word_452.png
501	33	15	12	0	0	0	0	0	0	0	0	0	0	0	0	0	0	0	0	0	0	0	0	0	0	word_6.png
502	19	24	0	0	0	0	0	0	0	0	0	0	0	0	0	0	0	0	0	0	0	0	0	0	0	word_719.png
503	11	24	14	0	0	0	0	0	0	0	0	0	0	0	0	0	0	0	0	0	0	0	0	0	0	word_269.png
504	17	35	23	0	0	0	0	0	0	0	0	0	0	0	0	0	0	0	0	0	0	0	0	0	0	word_686.png
505	13	11	28	15	15	28	29	0	0	0	0	0	0	0	0	0	0	0	0	0	0	0	0	0	0	word_638.png
506	22	11	29	30	0	0	0	0	0	0	0	0	0	0	0	0	0	0	0	0	0	0	0	0	0	word_605.png
507	17	22	15	24	0	0	0	0	0	0	0	0	0	0	0	0	0	0	0	0	0	0	0	0	0	word_776.png
508	35	11	28	14	0	0	0	0	0	0	0	0	0	0	0	0	0	0	0	0	0	0	0	0	0	word_800.png
509	13	11	28	0	0	0	0	0	0	0	0	0	0	0	0	0	0	0	0	0	0	0	0	0	0	word_422.png
510	25	28	11	24	17	15	0	0	0	0	0	0	0	0	0	0	0	0	0	0	0	0	0	0	0	word_174.png
511	35	25	31	28	0	0	0	0	0	0	0	0	0	0	0	0	0	0	0	0	0	0	0	0	0	word_732.png
512	26	28	25	16	15	29	29	19	25	24	11	22	0	0	0	0	0	0	0	0	0	0	0	0	0	word_378.png
513	25	28	11	24	17	15	0	0	0	0	0	0	0	0	0	0	0	0	0	0	0	0	0	0	0	word_180.png
514	2	0	0	0	0	0	0	0	0	0	0	0	0	0	0	0	0	0	0	0	0	0	0	0	0	word_742.png
515	22	11	24	17	31	11	17	15	0	0	0	0	0	0	0	0	0	0	0	0	0	0	0	0	0	word_438.png
516	15	11	30	25	24	0	0	0	0	0	0	0	0	0	0	0	0	0	0	0	0	0	0	0	0	word_21.png
517	17	11	22	22	15	28	35	0	0	0	0	0	0	0	0	0	0	0	0	0	0	0	0	0	0	word_92.png
518	19	29	29	31	15	29	0	0	0	0	0	0	0	0	0	0	0	0	0	0	0	0	0	0	0	word_12.png
519	11	30	0	0	0	0	0	0	0	0	0	0	0	0	0	0	0	0	0	0	0	0	0	0	0	word_624.png
520	30	23	0	0	0	0	0	0	0	0	0	0	0	0	0	0	0	0	0	0	0	0	0	0	0	word_181.png
521	16	25	28	0	0	0	0	0	0	0	0	0	0	0	0	0	0	0	0	0	0	0	0	0	0	word_612.png
522	28	25	11	14	0	0	0	0	0	0	0	0	0	0	0	0	0	0	0	0	0	0	0	0	0	word_758.png
523	16	25	25	30	33	11	35	0	0	0	0	0	0	0	0	0	0	0	0	0	0	0	0	0	0	word_345.png
524	25	24	22	35	0	0	0	0	0	0	0	0	0	0	0	0	0	0	0	0	0	0	0	0	0	word_314.png
525	18	15	11	22	30	18	0	0	0	0	0	0	0	0	0	0	0	0	0	0	0	0	0	0	0	word_315.png
526	11	22	22	19	29	25	24	0	0	0	0	0	0	0	0	0	0	0	0	0	0	0	0	0	0	word_18.png
527	13	25	24	14	19	30	19	25	24	15	14	0	0	0	0	0	0	0	0	0	0	0	0	0	0	word_87.png
528	26	18	25	24	15	29	0	0	0	0	0	0	0	0	0	0	0	0	0	0	0	0	0	0	0	word_469.png
529	17	15	25	28	17	15	0	0	0	0	0	0	0	0	0	0	0	0	0	0	0	0	0	0	0	word_305.png
530	15	29	29	15	34	0	0	0	0	0	0	0	0	0	0	0	0	0	0	0	0	0	0	0	0	word_507.png
531	29	31	24	0	0	0	0	0	0	0	0	0	0	0	0	0	0	0	0	0	0	0	0	0	0	word_791.png
532	15	34	19	30	0	0	0	0	0	0	0	0	0	0	0	0	0	0	0	0	0	0	0	0	0	word_814.png
533	14	0	0	0	0	0	0	0	0	0	0	0	0	0	0	0	0	0	0	0	0	0	0	0	0	word_116.png
534	28	19	29	21	0	0	0	0	0	0	0	0	0	0	0	0	0	0	0	0	0	0	0	0	0	word_100.png
535	17	31	19	14	15	0	0	0	0	0	0	0	0	0	0	0	0	0	0	0	0	0	0	0	0	word_225.png
536	24	15	15	14	0	0	0	0	0	0	0	0	0	0	0	0	0	0	0	0	0	0	0	0	0	word_470.png
537	22	19	17	18	30	0	0	0	0	0	0	0	0	0	0	0	0	0	0	0	0	0	0	0	0	word_557.png
538	22	19	17	18	30	29	0	0	0	0	0	0	0	0	0	0	0	0	0	0	0	0	0	0	0	word_112.png
539	22	13	14	3	5	8	1	33	32	34	0	0	0	0	0	0	0	0	0	0	0	0	0	0	0	word_674.png
540	15	0	0	0	0	0	0	0	0	0	0	0	0	0	0	0	0	0	0	0	0	0	0	0	0	word_223.png
541	16	25	25	14	0	0	0	0	0	0	0	0	0	0	0	0	0	0	0	0	0	0	0	0	0	word_85.png
542	14	11	28	21	0	0	0	0	0	0	0	0	0	0	0	0	0	0	0	0	0	0	0	0	0	word_257.png
543	33	11	22	22	11	13	15	0	0	0	0	0	0	0	0	0	0	0	0	0	0	0	0	0	0	word_403.png
544	22	19	23	19	30	15	14	0	0	0	0	0	0	0	0	0	0	0	0	0	0	0	0	0	0	word_784.png
545	11	0	0	0	0	0	0	0	0	0	0	0	0	0	0	0	0	0	0	0	0	0	0	0	0	word_471.png
546	29	30	19	28	22	19	24	17	0	0	0	0	0	0	0	0	0	0	0	0	0	0	0	0	0	word_78.png
547	28	25	25	23	0	0	0	0	0	0	0	0	0	0	0	0	0	0	0	0	0	0	0	0	0	word_466.png
548	29	30	0	0	0	0	0	0	0	0	0	0	0	0	0	0	0	0	0	0	0	0	0	0	0	word_669.png
549	24	25	0	0	0	0	0	0	0	0	0	0	0	0	0	0	0	0	0	0	0	0	0	0	0	word_713.png
550	30	25	0	0	0	0	0	0	0	0	0	0	0	0	0	0	0	0	0	0	0	0	0	0	0	word_703.png
551	13	31	29	30	25	23	15	28	0	0	0	0	0	0	0	0	0	0	0	0	0	0	0	0	0	word_487.png
552	13	15	24	30	28	15	0	0	0	0	0	0	0	0	0	0	0	0	0	0	0	0	0	0	0	word_317.png
553	14	19	29	30	31	28	12	0	0	0	0	0	0	0	0	0	0	0	0	0	0	0	0	0	0	word_375.png
554	13	18	11	26	23	11	24	0	0	0	0	0	0	0	0	0	0	0	0	0	0	0	0	0	0	word_766.png
555	19	19	35	11	23	11	0	0	0	0	0	0	0	0	0	0	0	0	0	0	0	0	0	0	0	word_838.png
556	34	23	22	0	0	0	0	0	0	0	0	0	0	0	0	0	0	0	0	0	0	0	0	0	0	word_45.png
557	29	30	25	26	0	0	0	0	0	0	0	0	0	0	0	0	0	0	0	0	0	0	0	0	0	word_660.png
558	13	11	24	25	24	0	0	0	0	0	0	0	0	0	0	0	0	0	0	0	0	0	0	0	0	word_601.png
559	11	24	14	0	0	0	0	0	0	0	0	0	0	0	0	0	0	0	0	0	0	0	0	0	0	word_360.png
560	3	6	1	0	0	0	0	0	0	0	0	0	0	0	0	0	0	0	0	0	0	0	0	0	0	word_55.png
561	28	31	29	29	15	22	22	0	0	0	0	0	0	0	0	0	0	0	0	0	0	0	0	0	0	word_584.png
562	16	19	28	15	0	0	0	0	0	0	0	0	0	0	0	0	0	0	0	0	0	0	0	0	0	word_254.png
563	18	15	26	26	0	0	0	0	0	0	0	0	0	0	0	0	0	0	0	0	0	0	0	0	0	word_410.png
564	30	23	0	0	0	0	0	0	0	0	0	0	0	0	0	0	0	0	0	0	0	0	0	0	0	word_443.png
565	29	25	28	28	35	0	0	0	0	0	0	0	0	0	0	0	0	0	0	0	0	0	0	0	0	word_501.png
566	20	11	32	11	0	0	0	0	0	0	0	0	0	0	0	0	0	0	0	0	0	0	0	0	0	word_570.png
567	13	25	28	11	22	0	0	0	0	0	0	0	0	0	0	0	0	0	0	0	0	0	0	0	0	word_128.png
568	13	18	11	26	23	11	24	0	0	0	0	0	0	0	0	0	0	0	0	0	0	0	0	0	0	word_763.png
569	25	22	15	17	0	0	0	0	0	0	0	0	0	0	0	0	0	0	0	0	0	0	0	0	0	word_154.png
570	29	18	11	18	11	12	0	0	0	0	0	0	0	0	0	0	0	0	0	0	0	0	0	0	0	word_678.png
571	11	29	29	25	13	19	11	30	15	29	0	0	0	0	0	0	0	0	0	0	0	0	0	0	0	word_233.png
572	13	25	23	26	31	30	19	24	17	0	0	0	0	0	0	0	0	0	0	0	0	0	0	0	0	word_294.png
573	22	25	13	21	0	0	0	0	0	0	0	0	0	0	0	0	0	0	0	0	0	0	0	0	0	word_208.png
574	18	25	23	15	0	0	0	0	0	0	0	0	0	0	0	0	0	0	0	0	0	0	0	0	0	word_83.png
575	29	15	23	19	0	0	0	0	0	0	0	0	0	0	0	0	0	0	0	0	0	0	0	0	0	word_336.png
576	13	25	22	13	18	15	29	30	15	28	0	0	0	0	0	0	0	0	0	0	0	0	0	0	0	word_414.png
577	26	28	25	16	15	29	29	19	25	24	11	22	0	0	0	0	0	0	0	0	0	0	0	0	0	word_4.png
578	29	18	11	16	11	19	30	0	0	0	0	0	0	0	0	0	0	0	0	0	0	0	0	0	0	word_243.png
579	31	21	0	0	0	0	0	0	0	0	0	0	0	0	0	0	0	0	0	0	0	0	0	0	0	word_598.png
580	13	25	24	24	15	22	22	29	0	0	0	0	0	0	0	0	0	0	0	0	0	0	0	0	0	word_793.png
581	11	28	30	19	16	19	13	19	11	22	0	0	0	0	0	0	0	0	0	0	0	0	0	0	0	word_280.png
582	29	25	16	30	33	11	28	15	0	0	0	0	0	0	0	0	0	0	0	0	0	0	0	0	0	word_610.png
583	16	22	25	25	28	0	0	0	0	0	0	0	0	0	0	0	0	0	0	0	0	0	0	0	0	word_670.png
584	11	22	11	28	23	0	0	0	0	0	0	0	0	0	0	0	0	0	0	0	0	0	0	0	0	word_727.png
585	16	25	25	14	0	0	0	0	0	0	0	0	0	0	0	0	0	0	0	0	0	0	0	0	0	word_2.png
586	23	11	28	21	15	28	29	0	0	0	0	0	0	0	0	0	0	0	0	0	0	0	0	0	0	word_140.png
587	23	31	22	30	19	23	15	14	19	11	0	0	0	0	0	0	0	0	0	0	0	0	0	0	0	word_761.png
588	17	31	19	14	15	0	0	0	0	0	0	0	0	0	0	0	0	0	0	0	0	0	0	0	0	word_439.png
589	25	24	0	0	0	0	0	0	0	0	0	0	0	0	0	0	0	0	0	0	0	0	0	0	0	word_56.png
590	13	25	24	29	30	28	31	13	30	11	0	0	0	0	0	0	0	0	0	0	0	0	0	0	0	word_716.png
591	25	28	11	24	17	15	0	0	0	0	0	0	0	0	0	0	0	0	0	0	0	0	0	0	0	word_168.png
592	26	28	25	34	30	28	11	34	0	0	0	0	0	0	0	0	0	0	0	0	0	0	0	0	0	word_406.png
593	26	28	25	26	15	28	0	0	0	0	0	0	0	0	0	0	0	0	0	0	0	0	0	0	0	word_1.png
594	32	1	4	0	0	0	0	0	0	0	0	0	0	0	0	0	0	0	0	0	0	0	0	0	0	word_699.png
595	22	25	33	0	0	0	0	0	0	0	0	0	0	0	0	0	0	0	0	0	0	0	0	0	0	word_358.png
596	33	11	28	15	18	25	31	29	15	0	0	0	0	0	0	0	0	0	0	0	0	0	0	0	0	word_272.png
597	24	15	33	0	0	0	0	0	0	0	0	0	0	0	0	0	0	0	0	0	0	0	0	0	0	word_537.png
598	14	19	0	0	0	0	0	0	0	0	0	0	0	0	0	0	0	0	0	0	0	0	0	0	0	word_744.png
599	18	11	19	28	0	0	0	0	0	0	0	0	0	0	0	0	0	0	0	0	0	0	0	0	0	word_495.png
600	29	25	11	26	0	0	0	0	0	0	0	0	0	0	0	0	0	0	0	0	0	0	0	0	0	word_380.png
601	11	13	13	15	29	29	0	0	0	0	0	0	0	0	0	0	0	0	0	0	0	0	0	0	0	word_40.png
602	29	30	11	24	14	29	0	0	0	0	0	0	0	0	0	0	0	0	0	0	0	0	0	0	0	word_201.png
603	13	11	29	30	22	15	0	0	0	0	0	0	0	0	0	0	0	0	0	0	0	0	0	0	0	word_79.png
604	22	25	24	14	25	24	0	0	0	0	0	0	0	0	0	0	0	0	0	0	0	0	0	0	0	word_320.png
605	5	0	0	0	0	0	0	0	0	0	0	0	0	0	0	0	0	0	0	0	0	0	0	0	0	word_817.png
606	28	25	22	22	15	28	33	25	28	22	14	0	0	0	0	0	0	0	0	0	0	0	0	0	0	word_329.png
607	29	13	25	30	30	19	29	18	0	0	0	0	0	0	0	0	0	0	0	0	0	0	0	0	0	word_90.png
608	25	24	0	0	0	0	0	0	0	0	0	0	0	0	0	0	0	0	0	0	0	0	0	0	0	word_815.png
609	29	19	14	15	0	0	0	0	0	0	0	0	0	0	0	0	0	0	0	0	0	0	0	0	0	word_258.png
610	25	16	16	19	13	15	0	0	0	0	0	0	0	0	0	0	0	0	0	0	0	0	0	0	0	word_302.png
611	16	28	15	15	26	18	25	24	15	0	0	0	0	0	0	0	0	0	0	0	0	0	0	0	0	word_488.png
612	29	25	11	26	0	0	0	0	0	0	0	0	0	0	0	0	0	0	0	0	0	0	0	0	0	word_573.png
613	26	11	24	11	29	25	0	0	0	0	0	0	0	0	0	0	0	0	0	0	0	0	0	0	0	word_497.png
614	18	15	22	26	0	0	0	0	0	0	0	0	0	0	0	0	0	0	0	0	0	0	0	0	0	word_296.png
615	33	15	22	13	25	23	15	0	0	0	0	0	0	0	0	0	0	0	0	0	0	0	0	0	0	word_702.png
616	19	24	30	15	22	22	19	17	15	24	13	15	0	0	0	0	0	0	0	0	0	0	0	0	0	word_281.png
617	13	25	24	29	30	11	24	30	19	24	15	0	0	0	0	0	0	0	0	0	0	0	0	0	0	word_465.png
618	18	19	17	18	0	0	0	0	0	0	0	0	0	0	0	0	0	0	0	0	0	0	0	0	0	word_802.png
619	2	0	0	0	0	0	0	0	0	0	0	0	0	0	0	0	0	0	0	0	0	0	0	0	0	word_739.png
620	12	35	0	0	0	0	0	0	0	0	0	0	0	0	0	0	0	0	0	0	0	0	0	0	0	word_440.png
621	14	19	17	19	30	11	22	0	0	0	0	0	0	0	0	0	0	0	0	0	0	0	0	0	0	word_760.png
622	33	18	25	0	0	0	0	0	0	0	0	0	0	0	0	0	0	0	0	0	0	0	0	0	0	word_622.png
623	17	15	24	19	15	0	0	0	0	0	0	0	0	0	0	0	0	0	0	0	0	0	0	0	0	word_506.png
624	11	18	15	11	14	0	0	0	0	0	0	0	0	0	0	0	0	0	0	0	0	0	0	0	0	word_540.png
625	33	25	28	22	14	0	0	0	0	0	0	0	0	0	0	0	0	0	0	0	0	0	0	0	0	word_328.png
626	26	25	19	24	30	0	0	0	0	0	0	0	0	0	0	0	0	0	0	0	0	0	0	0	0	word_729.png
627	11	18	15	11	14	0	0	0	0	0	0	0	0	0	0	0	0	0	0	0	0	0	0	0	0	word_756.png
628	33	11	35	0	0	0	0	0	0	0	0	0	0	0	0	0	0	0	0	0	0	0	0	0	0	word_634.png
629	13	19	17	11	28	0	0	0	0	0	0	0	0	0	0	0	0	0	0	0	0	0	0	0	0	word_710.png
630	29	31	23	23	15	28	0	0	0	0	0	0	0	0	0	0	0	0	0	0	0	0	0	0	0	word_412.png
631	13	11	28	0	0	0	0	0	0	0	0	0	0	0	0	0	0	0	0	0	0	0	0	0	0	word_709.png
632	20	11	13	21	0	0	0	0	0	0	0	0	0	0	0	0	0	0	0	0	0	0	0	0	0	word_20.png
633	15	24	30	28	35	0	0	0	0	0	0	0	0	0	0	0	0	0	0	0	0	0	0	0	0	word_554.png
634	35	25	31	0	0	0	0	0	0	0	0	0	0	0	0	0	0	0	0	0	0	0	0	0	0	word_68.png
635	17	31	30	0	0	0	0	0	0	0	0	0	0	0	0	0	0	0	0	0	0	0	0	0	0	word_626.png
636	30	25	0	0	0	0	0	0	0	0	0	0	0	0	0	0	0	0	0	0	0	0	0	0	0	word_73.png
637	30	18	15	0	0	0	0	0	0	0	0	0	0	0	0	0	0	0	0	0	0	0	0	0	0	word_203.png
638	18	15	11	22	30	18	0	0	0	0	0	0	0	0	0	0	0	0	0	0	0	0	0	0	0	word_688.png
639	11	24	14	0	0	0	0	0	0	0	0	0	0	0	0	0	0	0	0	0	0	0	0	0	0	word_65.png
640	33	15	29	30	0	0	0	0	0	0	0	0	0	0	0	0	0	0	0	0	0	0	0	0	0	word_682.png
641	17	25	0	0	0	0	0	0	0	0	0	0	0	0	0	0	0	0	0	0	0	0	0	0	0	word_8.png
642	17	11	28	11	17	15	29	0	0	0	0	0	0	0	0	0	0	0	0	0	0	0	0	0	0	word_797.png
643	24	19	17	18	30	22	19	24	15	0	0	0	0	0	0	0	0	0	0	0	0	0	0	0	0	word_636.png
644	30	18	15	0	0	0	0	0	0	0	0	0	0	0	0	0	0	0	0	0	0	0	0	0	0	word_483.png
645	30	25	35	25	30	11	0	0	0	0	0	0	0	0	0	0	0	0	0	0	0	0	0	0	0	word_599.png
646	25	22	15	17	0	0	0	0	0	0	0	0	0	0	0	0	0	0	0	0	0	0	0	0	0	word_770.png
647	33	15	0	0	0	0	0	0	0	0	0	0	0	0	0	0	0	0	0	0	0	0	0	0	0	word_197.png
648	13	18	15	22	23	29	16	25	28	14	0	0	0	0	0	0	0	0	0	0	0	0	0	0	0	word_321.png
649	18	25	31	29	15	0	0	0	0	0	0	0	0	0	0	0	0	0	0	0	0	0	0	0	0	word_350.png
650	12	25	30	30	0	0	0	0	0	0	0	0	0	0	0	0	0	0	0	0	0	0	0	0	0	word_17.png
651	18	15	28	15	0	0	0	0	0	0	0	0	0	0	0	0	0	0	0	0	0	0	0	0	0	word_123.png
652	30	18	15	0	0	0	0	0	0	0	0	0	0	0	0	0	0	0	0	0	0	0	0	0	0	word_66.png
653	24	11	30	19	25	24	11	22	0	0	0	0	0	0	0	0	0	0	0	0	0	0	0	0	0	word_91.png
654	11	24	14	0	0	0	0	0	0	0	0	0	0	0	0	0	0	0	0	0	0	0	0	0	0	word_202.png
655	12	11	24	21	0	0	0	0	0	0	0	0	0	0	0	0	0	0	0	0	0	0	0	0	0	word_486.png
656	25	31	30	0	0	0	0	0	0	0	0	0	0	0	0	0	0	0	0	0	0	0	0	0	0	word_635.png
657	16	22	25	25	28	0	0	0	0	0	0	0	0	0	0	0	0	0	0	0	0	0	0	0	0	word_816.png
658	11	16	28	19	13	11	0	0	0	0	0	0	0	0	0	0	0	0	0	0	0	0	0	0	0	word_620.png
659	18	19	33	19	29	0	0	0	0	0	0	0	0	0	0	0	0	0	0	0	0	0	0	0	0	word_430.png
660	26	28	25	24	30	25	0	0	0	0	0	0	0	0	0	0	0	0	0	0	0	0	0	0	0	word_3.png
661	12	19	29	25	24	0	0	0	0	0	0	0	0	0	0	0	0	0	0	0	0	0	0	0	0	word_261.png
662	16	11	19	28	35	0	0	0	0	0	0	0	0	0	0	0	0	0	0	0	0	0	0	0	0	word_836.png
663	28	25	29	30	11	24	19	24	0	0	0	0	0	0	0	0	0	0	0	0	0	0	0	0	0	word_771.png
664	13	25	25	22	23	19	24	30	0	0	0	0	0	0	0	0	0	0	0	0	0	0	0	0	0	word_512.png
665	20	11	32	11	0	0	0	0	0	0	0	0	0	0	0	0	0	0	0	0	0	0	0	0	0	word_5.png
666	13	11	23	26	12	15	22	22	0	0	0	0	0	0	0	0	0	0	0	0	0	0	0	0	0	word_779.png
667	11	28	15	24	11	0	0	0	0	0	0	0	0	0	0	0	0	0	0	0	0	0	0	0	0	word_413.png
668	15	29	26	0	0	0	0	0	0	0	0	0	0	0	0	0	0	0	0	0	0	0	0	0	0	word_162.png
669	23	19	13	28	25	29	35	29	30	15	23	29	0	0	0	0	0	0	0	0	0	0	0	0	0	word_792.png
670	26	22	15	11	29	15	0	0	0	0	0	0	0	0	0	0	0	0	0	0	0	0	0	0	0	word_397.png
671	19	24	16	15	13	30	19	25	24	29	0	0	0	0	0	0	0	0	0	0	0	0	0	0	0	word_618.png
672	24	25	0	0	0	0	0	0	0	0	0	0	0	0	0	0	0	0	0	0	0	0	0	0	0	word_553.png
673	29	31	23	23	15	28	0	0	0	0	0	0	0	0	0	0	0	0	0	0	0	0	0	0	0	word_371.png
674	30	15	29	13	25	0	0	0	0	0	0	0	0	0	0	0	0	0	0	0	0	0	0	0	0	word_592.png
675	30	25	0	0	0	0	0	0	0	0	0	0	0	0	0	0	0	0	0	0	0	0	0	0	0	word_169.png
676	29	25	16	30	33	11	28	15	0	0	0	0	0	0	0	0	0	0	0	0	0	0	0	0	0	word_14.png
677	19	24	32	15	29	30	23	15	24	30	29	0	0	0	0	0	0	0	0	0	0	0	0	0	0	word_158.png
678	30	25	0	0	0	0	0	0	0	0	0	0	0	0	0	0	0	0	0	0	0	0	0	0	0	word_163.png
679	24	25	30	18	19	24	17	0	0	0	0	0	0	0	0	0	0	0	0	0	0	0	0	0	0	word_64.png
680	29	11	14	0	0	0	0	0	0	0	0	0	0	0	0	0	0	0	0	0	0	0	0	0	0	word_37.png
681	13	15	24	30	28	15	0	0	0	0	0	0	0	0	0	0	0	0	0	0	0	0	0	0	0	word_545.png
682	24	25	30	0	0	0	0	0	0	0	0	0	0	0	0	0	0	0	0	0	0	0	0	0	0	word_374.png
683	28	15	16	31	28	12	19	29	18	23	15	24	30	0	0	0	0	0	0	0	0	0	0	0	0	word_786.png
684	12	31	19	22	14	19	24	17	0	0	0	0	0	0	0	0	0	0	0	0	0	0	0	0	0	word_561.png
685	35	25	31	28	0	0	0	0	0	0	0	0	0	0	0	0	0	0	0	0	0	0	0	0	0	word_463.png
686	24	11	30	33	15	29	30	0	0	0	0	0	0	0	0	0	0	0	0	0	0	0	0	0	0	word_481.png
687	30	18	15	0	0	0	0	0	0	0	0	0	0	0	0	0	0	0	0	0	0	0	0	0	0	word_693.png
688	35	25	31	0	0	0	0	0	0	0	0	0	0	0	0	0	0	0	0	0	0	0	0	0	0	word_384.png
689	28	15	32	25	22	31	30	19	25	24	0	0	0	0	0	0	0	0	0	0	0	0	0	0	0	word_166.png
